# 에덴 기숙학원 — decision.log
# 모든 세션의 결정 사항, 진행 상황, 미결 이슈를 기록

---

## 프로젝트 메타

- 프로젝트명: 에덴 기숙학원의 비밀
- 장르: 방탈출 웹/PC 게임 (ARG 연계)
- 결과물 형식: HTML 단일 파일
- 학습 적용: Chapter 10 (ARG), Chapter 11 (스토리 구성), Chapter 12 (문제 유형)

---

## SESSION 001 — 프로젝트 초기 설정

### 날짜: 2025-05-21
### 상태: 완료

### 결정 사항

**[D-001] 시나리오 3개 확정**
- A — 에덴의 가면 (심리 스릴러 × 바이오호러)
- B — 무균실의 기억 (SF 디스토피아 × 탈출 미스터리)
- C — 선택받은 자들 (도덕 공포 × 사회 비판 스릴러)
- 결정 근거: Agentic Workflow 4인 팀(지헌/지원/나경/하영)의 협업 결과
- 우선 적용: A안 기본 채택 + B안 퍼즐 요소 + C안 멀티엔딩 구조 혼합

**[D-002] 캐릭터 외형 확정**
- 서연: 긴 직모, 청순한 인상, 네이비 블레이저 + 체크 넥타이
- 수인: 긴 머리 + 비녀, 차가운 인상, 동일 교복
- 아란: 칼단발, 센 인상, 동일 교복 (헝클어진 상태)
- 규리: 짧은 귀여운 인상, 동일 교복 (창백하고 지친 상태)

**[D-003] 퀘스트 구성표 v3 완성**
- 파일: 에덴_시나리오_퀘스트_구성표_v3.xlsx
- 시트 4개: 퀘스트 구성표 / 엔딩 분기 조건표 / 아이템 마스터 목록 / 신뢰도 분기표
- 총 퀘스트: A(11개) + B(7개) + C(6개) = 24개
- 추가 요소: NPC 대화/분기 스크립트, BGM·효과음, 카메라 앵글, 난이도, 힌트 횟수, 제한 시간

**[D-004] ARG Rabbit Hole 설계 완성**
- 파일: 에덴_RabbitHole_스토리연결_설계서.docx
- 진입 장치 5개: SNS 실종 제보 / 홈페이지 소스코드 / 유튜브 모스부호 / 전단지 UV잉크 / 에브리타임
- 핵심 단서 6개: CLUE-01~06
- 종단 연결: CLUE-06 규리 노트 → 1막 획득 → 3막 최종 탈출 암호

**[D-005] 트레일러 영상 프롬프트 완성**
- 총 5씬 × 8초 = 40초 (Hailuo AI 6초 단위로 재조정)
- 인물 설정: East Asian teenage girls, 네이비 블레이저 + 체크 넥타이
- 스타일: LIVE ACTION ONLY, PHOTOREALISTIC, 35mm film grain, 2.39:1

**[D-006] 홈페이지 소스코드 ARG 장치 완성**
- 파일: eden_academy_official.html
- 숨김 단서 위치: HTML 주석 / 개발자 도구 콘솔 / URL 파라미터
- ?ref=find_me → 규리 비밀 메모 오버레이
- ?code=EDEN-0047 → 탈출 성공 엔딩 화면

**[D-007] 피해자/가해자 시나리오 + 불일치 해소 원리 적용 확정**
- 1겹 반전: 수인(조력자) → 수인(빌런) → 단서로 규칙 발견
- 2겹 반전: 아란(위협) → 아란(구원자) → 공포가 연민으로 전환
- Chapter 11 불일치 해소 원리 직접 적용

**[D-008] Chapter 12 문제 유형 → 에덴 퍼즐 매핑 확정**
| 유형 | 에덴 적용 |
|------|----------|
| 수색/관찰 | 소품 클릭 인터랙션 (액자, 인형, 노트) |
| 개수 세기 | 학생회장 사진 재임 연도 세기 (A-04) / X표시 학생 번호 (C-02) |
| 패턴 규칙 | 해부학 기호 → 숫자 치환 (A-03, B-01) |
| 카이사르 암호 | 규리 노트 암호 해독 (A-06, B-03) |
| 색상 치환 | 약품 라벨 색상 코드 (A-06) |
| 논리 추론 | 수인 vs 아란 발화 진실 판별 (A-09, C-05) |
| 그림 퍼즐 | 찢어진 쪽지 조각 맞추기 (A-08) |

**[D-009] 기술 스택 확정**
- HTML 단일 파일 (no build tools)
- Vanilla JS (no framework)
- CSS Variables 기반 다크 테마
- Google Fonts CDN (Noto Serif KR + Noto Sans KR + Share Tech Mono)
- localStorage 금지 → JS 변수로 모든 상태 관리

**[D-010] Flow 이론 기반 난이도 곡선 확정**
- Stage 1: 관찰/개수 (난이도 1~2) → 몰입 진입
- Stage 2: 패턴/카이사르 암호 (난이도 2~3) → 긴장 상승
- Stage 3: 논리/복합/타이머 (난이도 4~5) → 클라이맥스

**[D-011] 엔딩 분기 7개 확정**
1. 탈출 엔딩 (기본)
2. 진실 엔딩 (HQ 1개 + 아란 신뢰 ≥ 40)
3. 완전 해방 엔딩 (HQ 2개 + 아란 신뢰 ≥ 60)
4. 도덕적 패배 엔딩 (C-05 수인 수락)
5. 생존 엔딩 (C 시나리오 기준표 비공개)
6. 완전 해방 엔딩 C (기준표 공개)
7. 게임 오버 (A-10 타이머 초과)

---

### 완성된 산출물 목록

| 파일명 | 형식 | 상태 |
|--------|------|------|
| 에덴_ARG_RabbitHole_통합설계서.docx | Word | ✅ 완료 |
| 에덴_RabbitHole_스토리연결_설계서.docx | Word | ✅ 완료 |
| 에덴_RabbitHole_스토리연결_PPT.pptx | PowerPoint | ✅ 완료 |
| 에덴_시나리오_퀘스트_구성표_v3.xlsx | Excel | ✅ 완료 |
| eden_academy_official.html | HTML | ✅ 완료 |
| INSTRUCTION.md | Markdown | ✅ 완료 |
| SKILL.md | Markdown | ✅ 완료 |
| decision.log | Markdown | ✅ 완료 (이 파일) |

---

### 다음 세션 시작점

**현재 Phase: Phase 0 완료 (사전 기획 전체 완료)**
**다음 작업: Phase 1 — 게임 프레임워크 (Main Page) 제작**

Phase 1 작업 목록:
- [ ] 타이틀 화면 (에덴 기숙학원 로고 + 분위기 연출)
- [ ] 시나리오 선택 화면 (A/B/C 카드 UI)
- [ ] 게임 화면 레이아웃 (좌측 맵패널 / 중앙 게임 영역 / 우측 로그패널)
- [ ] 인벤토리 바 (하단 고정)
- [ ] 신뢰도 미터 (수인/아란)
- [ ] 기본 퀘스트 데이터 구조 연결

---

### 미결 이슈

| ID | 내용 | 우선순위 |
|----|------|---------|
| I-001 | 모바일 반응형 여부 결정 필요 | 낮음 |
| I-002 | BGM 실제 구현 방식 결정 (Web Audio API vs 외부 CDN) | 중간 |
| I-003 | 카이사르 암호 이동 칸수 최종 확정 필요 (현재 후보: 4칸) | 높음 |
| I-004 | 논리 퀴즈 정확한 발화 스크립트 최종 확정 필요 | 높음 |
| I-005 | 힌트 시스템 UI 위치 결정 (우측 패널 vs 하단 팝업) | 중간 |

---

## SESSION 002 — (다음 세션에서 기록 추가)

```
[날짜]:
[작업 내용]:
[결정 사항]:
[완성된 파일]:
[다음 세션 시작점]:
[미결 이슈 업데이트]:
```

---

*이 파일은 매 세션 시작 시 반드시 읽고, 세션 종료 시 업데이트할 것.*
